Job started at: Fri May  8 09:14:19 PM CST 2026
Running on node: node38
Project dir: /public/home/yinlanrui2025/PycharmProjects/WeMeM1/WeMeM-main
Datasets: stl10
Architectures: vgg16
K_FOLDS=5, MEM_EPOCHS=30, BATCH_SIZE=128
RUN_PRETRAIN_IF_MISSING=1, FORCE_PRETRAIN=1
Using GPUs:
Fri May  8 21:14:19 2026       
+-----------------------------------------------------------------------------------------+
| NVIDIA-SMI 580.65.06              Driver Version: 580.65.06      CUDA Version: 13.0     |
+-----------------------------------------+------------------------+----------------------+
| GPU  Name                 Persistence-M | Bus-Id          Disp.A | Volatile Uncorr. ECC |
| Fan  Temp   Perf          Pwr:Usage/Cap |           Memory-Usage | GPU-Util  Compute M. |
|                                         |                        |               MIG M. |
|=========================================+========================+======================|
|   0  NVIDIA GeForce RTX 4090        On  |   00000000:50:00.0 Off |                  Off |
| 30%   30C    P8              7W /  450W |       1MiB /  24564MiB |      0%      Default |
|                                         |                        |                  N/A |
+-----------------------------------------+------------------------+----------------------+

+-----------------------------------------------------------------------------------------+
| Processes:                                                                              |
|  GPU   GI   CI              PID   Type   Process name                        GPU Memory |
|        ID   ID                                                               Usage      |
|=========================================================================================|
|  No running processes found                                                             |
+-----------------------------------------------------------------------------------------+
Python executable:
/public/home/yinlanrui2025/anaconda3/envs/python-pytorch/bin/python
Python version:
Python 3.6.13

========== prepare stl10-vgg16bn ==========
Config: ./config/stl10_vgg16.json
Result folder: ./result/stl10_vgg16bn
Output: ./memscore/memscore_stl10_vgg16bn.csv
[Fri May  8 09:14:19 PM CST 2026] python pretrain_modi.py 0 ./config/stl10_vgg16.json
Namespace(batch_size=128, config_path='./config/stl10_vgg16.json', dataset_name='stl10', device=0, early_stop=5, epochs=100, hidden_size=128, image_size=96, input_dim=3, lr=0.001, model_name='vgg16bn', num_cls=10, optimizer='adam', seed=7, shadow_num=5, weight_decay=0.0005)
Save Folder: ./result/stl10_vgg16bn
Build Dataset stl10
Build Dataset stl10
Total Data Size: 13000, Victim Train Size: 2250, Victim Dev Size: 2805, Victim Test Size: 5445
Train Victim Model
Epoch 0 Train: Accuracy 10.133, Loss 2.995
Epoch 0 Dev: Accuracy 10.160, Loss 17.189
Epoch 0 Test: Accuracy 10.799, Loss 17.581
Epoch 1 Train: Accuracy 10.800, Loss 2.353
Epoch 1 Dev: Accuracy 11.765, Loss 2.288
Epoch 1 Test: Accuracy 11.460, Loss 2.288
Epoch 2 Train: Accuracy 12.222, Loss 2.294
Epoch 2 Dev: Accuracy 13.012, Loss 2.256
Epoch 2 Test: Accuracy 14.123, Loss 2.254
Epoch 3 Train: Accuracy 14.311, Loss 2.225
Epoch 3 Dev: Accuracy 17.041, Loss 2.155
Epoch 3 Test: Accuracy 17.870, Loss 2.170
Epoch 4 Train: Accuracy 17.911, Loss 2.100
Epoch 4 Dev: Accuracy 17.932, Loss 2.041
Epoch 4 Test: Accuracy 18.292, Loss 2.033
Epoch 5 Train: Accuracy 18.933, Loss 1.981
Epoch 5 Dev: Accuracy 14.617, Loss 2.219
Epoch 5 Test: Accuracy 14.949, Loss 2.205
Epoch 6 Train: Accuracy 20.311, Loss 1.936
Epoch 6 Dev: Accuracy 20.178, Loss 2.112
Epoch 6 Test: Accuracy 19.504, Loss 2.097
Epoch 7 Train: Accuracy 22.800, Loss 1.856
Epoch 7 Dev: Accuracy 22.852, Loss 1.905
Epoch 7 Test: Accuracy 22.039, Loss 1.905
Epoch 8 Train: Accuracy 24.000, Loss 1.824
Epoch 8 Dev: Accuracy 26.631, Loss 1.790
Epoch 8 Test: Accuracy 25.987, Loss 1.798
Epoch 9 Train: Accuracy 27.378, Loss 1.771
Epoch 9 Dev: Accuracy 24.528, Loss 1.808
Epoch 9 Test: Accuracy 24.077, Loss 1.817
Epoch 10 Train: Accuracy 26.800, Loss 1.738
Epoch 10 Dev: Accuracy 22.995, Loss 1.906
Epoch 10 Test: Accuracy 21.194, Loss 1.943
Epoch 11 Train: Accuracy 29.600, Loss 1.713
Epoch 11 Dev: Accuracy 26.239, Loss 1.722
Epoch 11 Test: Accuracy 26.226, Loss 1.727
Epoch 12 Train: Accuracy 31.600, Loss 1.657
Epoch 12 Dev: Accuracy 31.159, Loss 1.658
Epoch 12 Test: Accuracy 29.201, Loss 1.685
Epoch 13 Train: Accuracy 31.778, Loss 1.660
Epoch 13 Dev: Accuracy 26.988, Loss 1.764
Epoch 13 Test: Accuracy 26.152, Loss 1.788
Epoch 14 Train: Accuracy 32.044, Loss 1.611
Epoch 14 Dev: Accuracy 28.806, Loss 1.707
Epoch 14 Test: Accuracy 28.889, Loss 1.708
Epoch 15 Train: Accuracy 34.622, Loss 1.635
Epoch 15 Dev: Accuracy 30.481, Loss 1.657
Epoch 15 Test: Accuracy 30.560, Loss 1.664
Epoch 16 Train: Accuracy 32.844, Loss 1.621
Epoch 16 Dev: Accuracy 21.141, Loss 2.507
Epoch 16 Test: Accuracy 21.359, Loss 2.491
Epoch 17 Train: Accuracy 34.356, Loss 1.599
Epoch 17 Dev: Accuracy 33.440, Loss 1.654
Epoch 17 Test: Accuracy 32.984, Loss 1.669
Epoch 18 Train: Accuracy 34.400, Loss 1.562
Epoch 18 Dev: Accuracy 28.877, Loss 1.917
Epoch 18 Test: Accuracy 27.842, Loss 1.932
Epoch 19 Train: Accuracy 36.222, Loss 1.551
Epoch 19 Dev: Accuracy 34.724, Loss 1.624
Epoch 19 Test: Accuracy 34.380, Loss 1.638
Epoch 20 Train: Accuracy 37.511, Loss 1.533
Epoch 20 Dev: Accuracy 26.952, Loss 1.944
Epoch 20 Test: Accuracy 27.567, Loss 1.941
Epoch 21 Train: Accuracy 37.244, Loss 1.525
Epoch 21 Dev: Accuracy 36.221, Loss 1.557
Epoch 21 Test: Accuracy 37.135, Loss 1.563
Epoch 22 Train: Accuracy 40.489, Loss 1.474
Epoch 22 Dev: Accuracy 39.037, Loss 1.509
Epoch 22 Test: Accuracy 38.127, Loss 1.510
Epoch 23 Train: Accuracy 39.600, Loss 1.476
Epoch 23 Dev: Accuracy 37.968, Loss 1.609
Epoch 23 Test: Accuracy 37.502, Loss 1.616
Epoch 24 Train: Accuracy 37.778, Loss 1.538
Epoch 24 Dev: Accuracy 35.365, Loss 1.651
Epoch 24 Test: Accuracy 34.619, Loss 1.658
Epoch 25 Train: Accuracy 40.089, Loss 1.468
Epoch 25 Dev: Accuracy 35.829, Loss 1.680
Epoch 25 Test: Accuracy 34.086, Loss 1.721
Epoch 26 Train: Accuracy 41.289, Loss 1.450
Epoch 26 Dev: Accuracy 35.722, Loss 1.608
Epoch 26 Test: Accuracy 35.831, Loss 1.597
Epoch 27 Train: Accuracy 41.689, Loss 1.455
Epoch 27 Dev: Accuracy 34.082, Loss 1.659
Epoch 27 Test: Accuracy 34.747, Loss 1.629
Epoch 28 Train: Accuracy 43.778, Loss 1.415
Epoch 28 Dev: Accuracy 29.305, Loss 1.824
Epoch 28 Test: Accuracy 28.797, Loss 1.826
Early Stop at Epoch 28
Train Shadow Model 0
Epoch 0 Shadow Train: Accuracy 12.267, Loss 2.972
Epoch 0 Shadow Dev: Accuracy 12.228, Loss 3.453
Epoch 0 Shadow Test: Accuracy 11.993, Loss 3.312
Epoch 1 Shadow Train: Accuracy 12.800, Loss 2.277
Epoch 1 Shadow Dev: Accuracy 16.221, Loss 2.245
Epoch 1 Shadow Test: Accuracy 15.592, Loss 2.252
Epoch 2 Shadow Train: Accuracy 14.622, Loss 2.213
Epoch 2 Shadow Dev: Accuracy 17.504, Loss 2.253
Epoch 2 Shadow Test: Accuracy 17.098, Loss 2.251
Epoch 3 Shadow Train: Accuracy 15.511, Loss 2.168
Epoch 3 Shadow Dev: Accuracy 11.872, Loss 2.266
Epoch 3 Shadow Test: Accuracy 12.066, Loss 2.255
Epoch 4 Shadow Train: Accuracy 18.844, Loss 2.089
Epoch 4 Shadow Dev: Accuracy 11.123, Loss 2.332
Epoch 4 Shadow Test: Accuracy 11.570, Loss 2.329
Epoch 5 Shadow Train: Accuracy 20.000, Loss 2.006
Epoch 5 Shadow Dev: Accuracy 10.945, Loss 3.058
Epoch 5 Shadow Test: Accuracy 10.413, Loss 3.015
Epoch 6 Shadow Train: Accuracy 22.000, Loss 1.958
Epoch 6 Shadow Dev: Accuracy 18.574, Loss 2.291
Epoch 6 Shadow Test: Accuracy 19.522, Loss 2.299
Epoch 7 Shadow Train: Accuracy 25.733, Loss 1.823
Epoch 7 Shadow Dev: Accuracy 24.421, Loss 1.877
Epoch 7 Shadow Test: Accuracy 24.518, Loss 1.879
Epoch 8 Shadow Train: Accuracy 27.956, Loss 1.776
Epoch 8 Shadow Dev: Accuracy 25.597, Loss 1.817
Epoch 8 Shadow Test: Accuracy 25.363, Loss 1.843
Epoch 9 Shadow Train: Accuracy 28.178, Loss 1.766
Epoch 9 Shadow Dev: Accuracy 20.535, Loss 2.093
Epoch 9 Shadow Test: Accuracy 20.386, Loss 2.075
Epoch 10 Shadow Train: Accuracy 28.267, Loss 1.740
Epoch 10 Shadow Dev: Accuracy 25.526, Loss 2.289
Epoch 10 Shadow Test: Accuracy 24.848, Loss 2.292
Epoch 11 Shadow Train: Accuracy 28.578, Loss 1.688
Epoch 11 Shadow Dev: Accuracy 22.995, Loss 1.874
Epoch 11 Shadow Test: Accuracy 22.957, Loss 1.858
Epoch 12 Shadow Train: Accuracy 30.800, Loss 1.672
Epoch 12 Shadow Dev: Accuracy 23.708, Loss 1.760
Epoch 12 Shadow Test: Accuracy 23.232, Loss 1.753
Epoch 13 Shadow Train: Accuracy 31.378, Loss 1.643
Epoch 13 Shadow Dev: Accuracy 24.599, Loss 1.873
Epoch 13 Shadow Test: Accuracy 25.473, Loss 1.871
Epoch 14 Shadow Train: Accuracy 33.067, Loss 1.651
Epoch 14 Shadow Dev: Accuracy 33.084, Loss 1.642
Epoch 14 Shadow Test: Accuracy 32.984, Loss 1.650
Epoch 15 Shadow Train: Accuracy 32.844, Loss 1.618
Epoch 15 Shadow Dev: Accuracy 26.845, Loss 1.872
Epoch 15 Shadow Test: Accuracy 26.538, Loss 1.855
Epoch 16 Shadow Train: Accuracy 32.756, Loss 1.638
Epoch 16 Shadow Dev: Accuracy 25.811, Loss 1.800
Epoch 16 Shadow Test: Accuracy 25.069, Loss 1.773
Epoch 17 Shadow Train: Accuracy 34.089, Loss 1.618
Epoch 17 Shadow Dev: Accuracy 29.447, Loss 1.767
Epoch 17 Shadow Test: Accuracy 29.330, Loss 1.761
Epoch 18 Shadow Train: Accuracy 33.778, Loss 1.617
Epoch 18 Shadow Dev: Accuracy 28.948, Loss 1.678
Epoch 18 Shadow Test: Accuracy 29.440, Loss 1.667
Epoch 19 Shadow Train: Accuracy 34.267, Loss 1.591
Epoch 19 Shadow Dev: Accuracy 32.157, Loss 1.664
Epoch 19 Shadow Test: Accuracy 32.837, Loss 1.652
Epoch 20 Shadow Train: Accuracy 35.467, Loss 1.564
Epoch 20 Shadow Dev: Accuracy 31.943, Loss 1.687
Epoch 20 Shadow Test: Accuracy 31.313, Loss 1.704
Early Stop at Epoch 20
Train Shadow Model 1
Epoch 0 Shadow Train: Accuracy 10.756, Loss 2.832
Epoch 0 Shadow Dev: Accuracy 13.119, Loss 4.131
Epoch 0 Shadow Test: Accuracy 13.866, Loss 4.201
Epoch 1 Shadow Train: Accuracy 12.222, Loss 2.314
Epoch 1 Shadow Dev: Accuracy 11.052, Loss 2.347
Epoch 1 Shadow Test: Accuracy 12.176, Loss 2.335
Epoch 2 Shadow Train: Accuracy 12.667, Loss 2.270
Epoch 2 Shadow Dev: Accuracy 11.515, Loss 2.289
Epoch 2 Shadow Test: Accuracy 11.203, Loss 2.289
Epoch 3 Shadow Train: Accuracy 15.867, Loss 2.201
Epoch 3 Shadow Dev: Accuracy 17.540, Loss 2.134
Epoch 3 Shadow Test: Accuracy 18.329, Loss 2.131
Epoch 4 Shadow Train: Accuracy 19.956, Loss 2.084
Epoch 4 Shadow Dev: Accuracy 20.357, Loss 1.995
Epoch 4 Shadow Test: Accuracy 19.431, Loss 1.984
Epoch 5 Shadow Train: Accuracy 22.756, Loss 1.937
Epoch 5 Shadow Dev: Accuracy 16.863, Loss 2.109
Epoch 5 Shadow Test: Accuracy 17.062, Loss 2.099
Epoch 6 Shadow Train: Accuracy 25.244, Loss 1.825
Epoch 6 Shadow Dev: Accuracy 21.105, Loss 1.976
Epoch 6 Shadow Test: Accuracy 20.367, Loss 1.988
Epoch 7 Shadow Train: Accuracy 26.978, Loss 1.760
Epoch 7 Shadow Dev: Accuracy 27.879, Loss 1.798
Epoch 7 Shadow Test: Accuracy 27.034, Loss 1.785
Epoch 8 Shadow Train: Accuracy 28.400, Loss 1.725
Epoch 8 Shadow Dev: Accuracy 28.663, Loss 1.955
Epoch 8 Shadow Test: Accuracy 29.017, Loss 1.894
Epoch 9 Shadow Train: Accuracy 29.600, Loss 1.704
Epoch 9 Shadow Dev: Accuracy 29.020, Loss 1.744
Epoch 9 Shadow Test: Accuracy 28.669, Loss 1.738
Epoch 10 Shadow Train: Accuracy 28.267, Loss 1.687
Epoch 10 Shadow Dev: Accuracy 26.346, Loss 1.762
Epoch 10 Shadow Test: Accuracy 25.308, Loss 1.775
Epoch 11 Shadow Train: Accuracy 31.200, Loss 1.676
Epoch 11 Shadow Dev: Accuracy 30.838, Loss 1.672
Epoch 11 Shadow Test: Accuracy 30.450, Loss 1.666
Epoch 12 Shadow Train: Accuracy 30.889, Loss 1.663
Epoch 12 Shadow Dev: Accuracy 22.424, Loss 1.980
Epoch 12 Shadow Test: Accuracy 22.130, Loss 2.001
Epoch 13 Shadow Train: Accuracy 30.222, Loss 1.643
Epoch 13 Shadow Dev: Accuracy 26.952, Loss 1.820
Epoch 13 Shadow Test: Accuracy 27.640, Loss 1.829
Epoch 14 Shadow Train: Accuracy 31.556, Loss 1.633
Epoch 14 Shadow Dev: Accuracy 25.633, Loss 1.909
Epoch 14 Shadow Test: Accuracy 24.793, Loss 1.918
Epoch 15 Shadow Train: Accuracy 30.178, Loss 1.653
Epoch 15 Shadow Dev: Accuracy 32.799, Loss 1.626
Epoch 15 Shadow Test: Accuracy 32.819, Loss 1.615
Epoch 16 Shadow Train: Accuracy 34.933, Loss 1.609
Epoch 16 Shadow Dev: Accuracy 28.021, Loss 2.054
Epoch 16 Shadow Test: Accuracy 28.742, Loss 2.039
Epoch 17 Shadow Train: Accuracy 32.756, Loss 1.592
Epoch 17 Shadow Dev: Accuracy 27.273, Loss 1.757
Epoch 17 Shadow Test: Accuracy 29.642, Loss 1.754
Epoch 18 Shadow Train: Accuracy 36.089, Loss 1.556
Epoch 18 Shadow Dev: Accuracy 33.797, Loss 1.604
Epoch 18 Shadow Test: Accuracy 34.564, Loss 1.588
Epoch 19 Shadow Train: Accuracy 35.911, Loss 1.559
Epoch 19 Shadow Dev: Accuracy 34.118, Loss 1.633
Epoch 19 Shadow Test: Accuracy 34.894, Loss 1.585
Epoch 20 Shadow Train: Accuracy 37.244, Loss 1.555
Epoch 20 Shadow Dev: Accuracy 26.488, Loss 1.919
Epoch 20 Shadow Test: Accuracy 26.887, Loss 1.911
Epoch 21 Shadow Train: Accuracy 35.644, Loss 1.561
Epoch 21 Shadow Dev: Accuracy 31.622, Loss 1.899
Epoch 21 Shadow Test: Accuracy 32.140, Loss 1.861
Epoch 22 Shadow Train: Accuracy 36.667, Loss 1.531
Epoch 22 Shadow Dev: Accuracy 31.622, Loss 1.714
Epoch 22 Shadow Test: Accuracy 32.562, Loss 1.720
Epoch 23 Shadow Train: Accuracy 37.156, Loss 1.536
Epoch 23 Shadow Dev: Accuracy 33.975, Loss 1.684
Epoch 23 Shadow Test: Accuracy 33.866, Loss 1.694
Epoch 24 Shadow Train: Accuracy 38.089, Loss 1.504
Epoch 24 Shadow Dev: Accuracy 30.980, Loss 1.894
Epoch 24 Shadow Test: Accuracy 30.358, Loss 1.886
Epoch 25 Shadow Train: Accuracy 38.533, Loss 1.499
Epoch 25 Shadow Dev: Accuracy 34.439, Loss 1.632
Epoch 25 Shadow Test: Accuracy 35.813, Loss 1.595
Epoch 26 Shadow Train: Accuracy 43.556, Loss 1.444
Epoch 26 Shadow Dev: Accuracy 37.611, Loss 1.606
Epoch 26 Shadow Test: Accuracy 36.749, Loss 1.608
Epoch 27 Shadow Train: Accuracy 39.467, Loss 1.490
Epoch 27 Shadow Dev: Accuracy 34.046, Loss 1.724
Epoch 27 Shadow Test: Accuracy 33.499, Loss 1.718
Epoch 28 Shadow Train: Accuracy 42.000, Loss 1.450
Epoch 28 Shadow Dev: Accuracy 34.652, Loss 1.851
Epoch 28 Shadow Test: Accuracy 36.364, Loss 1.795
Epoch 29 Shadow Train: Accuracy 42.444, Loss 1.452
Epoch 29 Shadow Dev: Accuracy 30.125, Loss 2.002
Epoch 29 Shadow Test: Accuracy 30.670, Loss 2.004
Epoch 30 Shadow Train: Accuracy 41.956, Loss 1.447
Epoch 30 Shadow Dev: Accuracy 33.512, Loss 1.851
Epoch 30 Shadow Test: Accuracy 32.819, Loss 1.890
Epoch 31 Shadow Train: Accuracy 43.511, Loss 1.447
Epoch 31 Shadow Dev: Accuracy 33.619, Loss 1.829
Epoch 31 Shadow Test: Accuracy 35.041, Loss 1.807
Epoch 32 Shadow Train: Accuracy 43.244, Loss 1.440
Epoch 32 Shadow Dev: Accuracy 35.971, Loss 1.662
Epoch 32 Shadow Test: Accuracy 35.445, Loss 1.673
Early Stop at Epoch 32
Train Shadow Model 2
Epoch 0 Shadow Train: Accuracy 11.289, Loss 2.887
Epoch 0 Shadow Dev: Accuracy 11.622, Loss 2.858
Epoch 0 Shadow Test: Accuracy 11.313, Loss 2.776
Epoch 1 Shadow Train: Accuracy 11.822, Loss 2.333
Epoch 1 Shadow Dev: Accuracy 12.121, Loss 2.273
Epoch 1 Shadow Test: Accuracy 11.736, Loss 2.275
Epoch 2 Shadow Train: Accuracy 12.089, Loss 2.271
Epoch 2 Shadow Dev: Accuracy 14.367, Loss 2.269
Epoch 2 Shadow Test: Accuracy 13.444, Loss 2.281
Epoch 3 Shadow Train: Accuracy 12.711, Loss 2.260
Epoch 3 Shadow Dev: Accuracy 13.191, Loss 2.211
Epoch 3 Shadow Test: Accuracy 14.968, Loss 2.218
Epoch 4 Shadow Train: Accuracy 14.800, Loss 2.215
Epoch 4 Shadow Dev: Accuracy 12.870, Loss 2.267
Epoch 4 Shadow Test: Accuracy 13.884, Loss 2.271
Epoch 5 Shadow Train: Accuracy 19.111, Loss 2.131
Epoch 5 Shadow Dev: Accuracy 17.932, Loss 2.174
Epoch 5 Shadow Test: Accuracy 15.758, Loss 2.180
Epoch 6 Shadow Train: Accuracy 21.289, Loss 2.030
Epoch 6 Shadow Dev: Accuracy 9.982, Loss 3.422
Epoch 6 Shadow Test: Accuracy 9.954, Loss 3.365
Epoch 7 Shadow Train: Accuracy 22.933, Loss 1.926
Epoch 7 Shadow Dev: Accuracy 19.893, Loss 1.985
Epoch 7 Shadow Test: Accuracy 19.927, Loss 1.963
Epoch 8 Shadow Train: Accuracy 25.467, Loss 1.809
Epoch 8 Shadow Dev: Accuracy 23.815, Loss 1.818
Epoch 8 Shadow Test: Accuracy 24.004, Loss 1.803
Epoch 9 Shadow Train: Accuracy 26.978, Loss 1.758
Epoch 9 Shadow Dev: Accuracy 21.747, Loss 2.285
Epoch 9 Shadow Test: Accuracy 21.855, Loss 2.262
Epoch 10 Shadow Train: Accuracy 26.756, Loss 1.765
Epoch 10 Shadow Dev: Accuracy 29.020, Loss 1.790
Epoch 10 Shadow Test: Accuracy 27.860, Loss 1.783
Epoch 11 Shadow Train: Accuracy 28.756, Loss 1.699
Epoch 11 Shadow Dev: Accuracy 24.064, Loss 1.828
Epoch 11 Shadow Test: Accuracy 25.693, Loss 1.809
Epoch 12 Shadow Train: Accuracy 28.800, Loss 1.685
Epoch 12 Shadow Dev: Accuracy 25.241, Loss 1.808
Epoch 12 Shadow Test: Accuracy 26.208, Loss 1.779
Epoch 13 Shadow Train: Accuracy 31.022, Loss 1.646
Epoch 13 Shadow Dev: Accuracy 27.344, Loss 1.770
Epoch 13 Shadow Test: Accuracy 26.024, Loss 1.780
Epoch 14 Shadow Train: Accuracy 32.267, Loss 1.620
Epoch 14 Shadow Dev: Accuracy 22.531, Loss 1.934
Epoch 14 Shadow Test: Accuracy 22.296, Loss 1.923
Epoch 15 Shadow Train: Accuracy 31.867, Loss 1.619
Epoch 15 Shadow Dev: Accuracy 28.093, Loss 1.691
Epoch 15 Shadow Test: Accuracy 27.456, Loss 1.688
Epoch 16 Shadow Train: Accuracy 31.333, Loss 1.661
Epoch 16 Shadow Dev: Accuracy 25.276, Loss 1.867
Epoch 16 Shadow Test: Accuracy 25.197, Loss 1.832
Early Stop at Epoch 16
Train Shadow Model 3
Epoch 0 Shadow Train: Accuracy 10.800, Loss 2.905
Epoch 0 Shadow Dev: Accuracy 11.836, Loss 2.725
Epoch 0 Shadow Test: Accuracy 11.974, Loss 2.849
Epoch 1 Shadow Train: Accuracy 13.511, Loss 2.292
Epoch 1 Shadow Dev: Accuracy 16.471, Loss 2.331
Epoch 1 Shadow Test: Accuracy 16.639, Loss 2.345
Epoch 2 Shadow Train: Accuracy 15.200, Loss 2.248
Epoch 2 Shadow Dev: Accuracy 14.403, Loss 2.225
Epoch 2 Shadow Test: Accuracy 14.013, Loss 2.217
Epoch 3 Shadow Train: Accuracy 15.956, Loss 2.195
Epoch 3 Shadow Dev: Accuracy 16.791, Loss 2.155
Epoch 3 Shadow Test: Accuracy 18.072, Loss 2.147
Epoch 4 Shadow Train: Accuracy 18.400, Loss 2.144
Epoch 4 Shadow Dev: Accuracy 21.569, Loss 2.102
Epoch 4 Shadow Test: Accuracy 20.973, Loss 2.114
Epoch 5 Shadow Train: Accuracy 18.978, Loss 2.112
Epoch 5 Shadow Dev: Accuracy 19.857, Loss 2.100
Epoch 5 Shadow Test: Accuracy 19.835, Loss 2.098
Epoch 6 Shadow Train: Accuracy 22.044, Loss 2.072
Epoch 6 Shadow Dev: Accuracy 16.506, Loss 2.171
Epoch 6 Shadow Test: Accuracy 16.749, Loss 2.178
Epoch 7 Shadow Train: Accuracy 23.556, Loss 2.001
Epoch 7 Shadow Dev: Accuracy 14.902, Loss 2.441
Epoch 7 Shadow Test: Accuracy 15.133, Loss 2.462
Epoch 8 Shadow Train: Accuracy 27.111, Loss 1.870
Epoch 8 Shadow Dev: Accuracy 19.002, Loss 2.108
Epoch 8 Shadow Test: Accuracy 19.706, Loss 2.092
Epoch 9 Shadow Train: Accuracy 27.956, Loss 1.770
Epoch 9 Shadow Dev: Accuracy 19.430, Loss 2.078
Epoch 9 Shadow Test: Accuracy 20.569, Loss 2.066
Epoch 10 Shadow Train: Accuracy 29.600, Loss 1.734
Epoch 10 Shadow Dev: Accuracy 21.355, Loss 1.869
Epoch 10 Shadow Test: Accuracy 23.251, Loss 1.836
Early Stop at Epoch 10
Train Shadow Model 4
Epoch 0 Shadow Train: Accuracy 10.400, Loss 3.115
Epoch 0 Shadow Dev: Accuracy 10.160, Loss 3.867
Epoch 0 Shadow Test: Accuracy 10.395, Loss 3.914
Epoch 1 Shadow Train: Accuracy 12.089, Loss 2.329
Epoch 1 Shadow Dev: Accuracy 11.658, Loss 2.290
Epoch 1 Shadow Test: Accuracy 11.368, Loss 2.292
Epoch 2 Shadow Train: Accuracy 12.133, Loss 2.304
Epoch 2 Shadow Dev: Accuracy 11.230, Loss 2.311
Epoch 2 Shadow Test: Accuracy 10.156, Loss 2.314
Epoch 3 Shadow Train: Accuracy 12.667, Loss 2.256
Epoch 3 Shadow Dev: Accuracy 11.052, Loss 2.309
Epoch 3 Shadow Test: Accuracy 11.754, Loss 2.314
Epoch 4 Shadow Train: Accuracy 15.422, Loss 2.184
Epoch 4 Shadow Dev: Accuracy 18.574, Loss 2.091
Epoch 4 Shadow Test: Accuracy 17.557, Loss 2.107
Epoch 5 Shadow Train: Accuracy 18.711, Loss 2.017
Epoch 5 Shadow Dev: Accuracy 12.941, Loss 2.727
Epoch 5 Shadow Test: Accuracy 12.323, Loss 2.729
Epoch 6 Shadow Train: Accuracy 17.956, Loss 1.914
Epoch 6 Shadow Dev: Accuracy 17.647, Loss 2.352
Epoch 6 Shadow Test: Accuracy 17.190, Loss 2.358
Epoch 7 Shadow Train: Accuracy 20.578, Loss 1.842
Epoch 7 Shadow Dev: Accuracy 20.535, Loss 1.882
Epoch 7 Shadow Test: Accuracy 19.522, Loss 1.872
Epoch 8 Shadow Train: Accuracy 21.067, Loss 1.811
Epoch 8 Shadow Dev: Accuracy 21.925, Loss 1.838
Epoch 8 Shadow Test: Accuracy 21.102, Loss 1.837
Epoch 9 Shadow Train: Accuracy 23.200, Loss 1.787
Epoch 9 Shadow Dev: Accuracy 24.955, Loss 1.893
Epoch 9 Shadow Test: Accuracy 22.810, Loss 1.881
Epoch 10 Shadow Train: Accuracy 25.867, Loss 1.767
Epoch 10 Shadow Dev: Accuracy 25.098, Loss 1.807
Epoch 10 Shadow Test: Accuracy 24.959, Loss 1.802
Epoch 11 Shadow Train: Accuracy 28.178, Loss 1.736
Epoch 11 Shadow Dev: Accuracy 27.522, Loss 1.740
Epoch 11 Shadow Test: Accuracy 27.493, Loss 1.717
Epoch 12 Shadow Train: Accuracy 29.689, Loss 1.685
Epoch 12 Shadow Dev: Accuracy 27.701, Loss 1.724
Epoch 12 Shadow Test: Accuracy 27.971, Loss 1.722
Epoch 13 Shadow Train: Accuracy 30.089, Loss 1.676
Epoch 13 Shadow Dev: Accuracy 20.820, Loss 1.931
Epoch 13 Shadow Test: Accuracy 21.212, Loss 1.910
Epoch 14 Shadow Train: Accuracy 31.067, Loss 1.653
Epoch 14 Shadow Dev: Accuracy 28.378, Loss 1.838
Epoch 14 Shadow Test: Accuracy 27.328, Loss 1.835
Epoch 15 Shadow Train: Accuracy 31.467, Loss 1.653
Epoch 15 Shadow Dev: Accuracy 30.053, Loss 1.836
Epoch 15 Shadow Test: Accuracy 28.889, Loss 1.852
Epoch 16 Shadow Train: Accuracy 32.533, Loss 1.603
Epoch 16 Shadow Dev: Accuracy 26.667, Loss 1.736
Epoch 16 Shadow Test: Accuracy 26.299, Loss 1.743
Epoch 17 Shadow Train: Accuracy 34.756, Loss 1.557
Epoch 17 Shadow Dev: Accuracy 32.442, Loss 1.600
Epoch 17 Shadow Test: Accuracy 32.397, Loss 1.596
Epoch 18 Shadow Train: Accuracy 35.778, Loss 1.537
Epoch 18 Shadow Dev: Accuracy 24.456, Loss 2.982
Epoch 18 Shadow Test: Accuracy 23.912, Loss 2.960
Epoch 19 Shadow Train: Accuracy 35.378, Loss 1.548
Epoch 19 Shadow Dev: Accuracy 31.337, Loss 1.714
Epoch 19 Shadow Test: Accuracy 29.458, Loss 1.715
Epoch 20 Shadow Train: Accuracy 38.844, Loss 1.491
Epoch 20 Shadow Dev: Accuracy 27.380, Loss 1.863
Epoch 20 Shadow Test: Accuracy 26.667, Loss 1.892
Epoch 21 Shadow Train: Accuracy 37.956, Loss 1.532
Epoch 21 Shadow Dev: Accuracy 25.419, Loss 2.272
Epoch 21 Shadow Test: Accuracy 25.234, Loss 2.222
Epoch 22 Shadow Train: Accuracy 38.044, Loss 1.499
Epoch 22 Shadow Dev: Accuracy 35.187, Loss 1.592
Epoch 22 Shadow Test: Accuracy 33.958, Loss 1.593
Epoch 23 Shadow Train: Accuracy 41.511, Loss 1.384
Epoch 23 Shadow Dev: Accuracy 30.232, Loss 1.789
Epoch 23 Shadow Test: Accuracy 29.403, Loss 1.826
Epoch 24 Shadow Train: Accuracy 41.956, Loss 1.410
Epoch 24 Shadow Dev: Accuracy 36.827, Loss 1.549
Epoch 24 Shadow Test: Accuracy 36.235, Loss 1.549
Epoch 25 Shadow Train: Accuracy 43.467, Loss 1.397
Epoch 25 Shadow Dev: Accuracy 31.800, Loss 1.975
Epoch 25 Shadow Test: Accuracy 30.762, Loss 1.973
Epoch 26 Shadow Train: Accuracy 42.578, Loss 1.368
Epoch 26 Shadow Dev: Accuracy 26.203, Loss 2.705
Epoch 26 Shadow Test: Accuracy 25.693, Loss 2.646
Epoch 27 Shadow Train: Accuracy 45.200, Loss 1.366
Epoch 27 Shadow Dev: Accuracy 40.178, Loss 1.492
Epoch 27 Shadow Test: Accuracy 38.659, Loss 1.496
Epoch 28 Shadow Train: Accuracy 47.289, Loss 1.303
Epoch 28 Shadow Dev: Accuracy 38.610, Loss 1.611
Epoch 28 Shadow Test: Accuracy 37.521, Loss 1.605
Epoch 29 Shadow Train: Accuracy 48.489, Loss 1.272
Epoch 29 Shadow Dev: Accuracy 37.041, Loss 1.668
Epoch 29 Shadow Test: Accuracy 35.813, Loss 1.688
Epoch 30 Shadow Train: Accuracy 48.711, Loss 1.280
Epoch 30 Shadow Dev: Accuracy 36.150, Loss 1.770
Epoch 30 Shadow Test: Accuracy 34.141, Loss 1.779
Epoch 31 Shadow Train: Accuracy 48.400, Loss 1.295
Epoch 31 Shadow Dev: Accuracy 38.146, Loss 1.541
Epoch 31 Shadow Test: Accuracy 38.274, Loss 1.557
Epoch 32 Shadow Train: Accuracy 50.933, Loss 1.235
Epoch 32 Shadow Dev: Accuracy 31.765, Loss 2.819
Epoch 32 Shadow Test: Accuracy 30.468, Loss 2.809
Epoch 33 Shadow Train: Accuracy 49.689, Loss 1.290
Epoch 33 Shadow Dev: Accuracy 40.036, Loss 1.775
Epoch 33 Shadow Test: Accuracy 37.208, Loss 1.812
Early Stop at Epoch 33
========== memscore stl10-vgg16bn ==========
[Fri May  8 09:26:21 PM CST 2026] python generate_memscore_modi.py 0 ./config/stl10_vgg16.json --k_folds 5 --mem_epochs 30 --batch_size 128 --num_workers 4 --seed 7 --overwrite
Namespace(batch_size=128, config_path='./config/stl10_vgg16.json', dataset_name='stl10', device=0, epochs=100, image_size=96, input_dim=3, k_folds=5, lr=0.001, mem_epochs=30, model_name='vgg16bn', num_cls=10, num_workers=4, optimizer='adam', output_dir='memscore', overwrite=True, seed=7, weight_decay=0.0005)
Build Dataset stl10
Train memscore submodel 1/5, subset size 1000
MemScore Fold 0 Epoch 0: Accuracy 9.600, Loss 3.697
MemScore Fold 0 Epoch 1: Accuracy 12.100, Loss 2.384
MemScore Fold 0 Epoch 2: Accuracy 11.100, Loss 2.334
MemScore Fold 0 Epoch 3: Accuracy 12.900, Loss 2.273
MemScore Fold 0 Epoch 4: Accuracy 16.000, Loss 2.219
MemScore Fold 0 Epoch 5: Accuracy 16.700, Loss 2.059
MemScore Fold 0 Epoch 6: Accuracy 21.300, Loss 2.003
MemScore Fold 0 Epoch 7: Accuracy 24.000, Loss 1.898
MemScore Fold 0 Epoch 8: Accuracy 24.500, Loss 1.833
MemScore Fold 0 Epoch 9: Accuracy 25.500, Loss 1.771
MemScore Fold 0 Epoch 10: Accuracy 30.200, Loss 1.730
MemScore Fold 0 Epoch 11: Accuracy 29.000, Loss 1.670
MemScore Fold 0 Epoch 12: Accuracy 28.700, Loss 1.674
MemScore Fold 0 Epoch 13: Accuracy 27.400, Loss 1.692
MemScore Fold 0 Epoch 14: Accuracy 30.900, Loss 1.629
MemScore Fold 0 Epoch 15: Accuracy 29.600, Loss 1.640
MemScore Fold 0 Epoch 16: Accuracy 31.500, Loss 1.646
MemScore Fold 0 Epoch 17: Accuracy 31.200, Loss 1.637
MemScore Fold 0 Epoch 18: Accuracy 34.700, Loss 1.534
MemScore Fold 0 Epoch 19: Accuracy 33.900, Loss 1.526
MemScore Fold 0 Epoch 20: Accuracy 36.300, Loss 1.551
MemScore Fold 0 Epoch 21: Accuracy 37.900, Loss 1.493
MemScore Fold 0 Epoch 22: Accuracy 36.600, Loss 1.507
MemScore Fold 0 Epoch 23: Accuracy 34.300, Loss 1.568
MemScore Fold 0 Epoch 24: Accuracy 38.800, Loss 1.484
MemScore Fold 0 Epoch 25: Accuracy 39.400, Loss 1.469
MemScore Fold 0 Epoch 26: Accuracy 39.900, Loss 1.474
MemScore Fold 0 Epoch 27: Accuracy 39.700, Loss 1.446
MemScore Fold 0 Epoch 28: Accuracy 42.300, Loss 1.442
MemScore Fold 0 Epoch 29: Accuracy 42.400, Loss 1.462
Train memscore submodel 2/5, subset size 1000
MemScore Fold 1 Epoch 0: Accuracy 10.100, Loss 3.365
MemScore Fold 1 Epoch 1: Accuracy 9.700, Loss 2.381
MemScore Fold 1 Epoch 2: Accuracy 11.300, Loss 2.380
MemScore Fold 1 Epoch 3: Accuracy 12.100, Loss 2.361
MemScore Fold 1 Epoch 4: Accuracy 14.600, Loss 2.315
MemScore Fold 1 Epoch 5: Accuracy 16.100, Loss 2.220
MemScore Fold 1 Epoch 6: Accuracy 18.600, Loss 2.133
MemScore Fold 1 Epoch 7: Accuracy 21.800, Loss 2.016
MemScore Fold 1 Epoch 8: Accuracy 26.400, Loss 1.878
MemScore Fold 1 Epoch 9: Accuracy 28.700, Loss 1.776
MemScore Fold 1 Epoch 10: Accuracy 29.400, Loss 1.772
MemScore Fold 1 Epoch 11: Accuracy 27.500, Loss 1.735
MemScore Fold 1 Epoch 12: Accuracy 28.600, Loss 1.719
MemScore Fold 1 Epoch 13: Accuracy 29.700, Loss 1.717
MemScore Fold 1 Epoch 14: Accuracy 29.500, Loss 1.680
MemScore Fold 1 Epoch 15: Accuracy 30.600, Loss 1.677
MemScore Fold 1 Epoch 16: Accuracy 33.300, Loss 1.687
MemScore Fold 1 Epoch 17: Accuracy 30.400, Loss 1.660
MemScore Fold 1 Epoch 18: Accuracy 32.700, Loss 1.629
MemScore Fold 1 Epoch 19: Accuracy 33.300, Loss 1.613
MemScore Fold 1 Epoch 20: Accuracy 32.000, Loss 1.616
MemScore Fold 1 Epoch 21: Accuracy 31.900, Loss 1.631
MemScore Fold 1 Epoch 22: Accuracy 33.500, Loss 1.567
MemScore Fold 1 Epoch 23: Accuracy 36.300, Loss 1.565
MemScore Fold 1 Epoch 24: Accuracy 34.900, Loss 1.559
MemScore Fold 1 Epoch 25: Accuracy 33.500, Loss 1.555
MemScore Fold 1 Epoch 26: Accuracy 39.900, Loss 1.485
MemScore Fold 1 Epoch 27: Accuracy 38.000, Loss 1.543
MemScore Fold 1 Epoch 28: Accuracy 38.200, Loss 1.496
MemScore Fold 1 Epoch 29: Accuracy 37.900, Loss 1.507
Train memscore submodel 3/5, subset size 1000
MemScore Fold 2 Epoch 0: Accuracy 11.600, Loss 3.625
MemScore Fold 2 Epoch 1: Accuracy 11.700, Loss 2.434
MemScore Fold 2 Epoch 2: Accuracy 11.700, Loss 2.324
MemScore Fold 2 Epoch 3: Accuracy 11.900, Loss 2.348
MemScore Fold 2 Epoch 4: Accuracy 9.300, Loss 2.359
MemScore Fold 2 Epoch 5: Accuracy 13.000, Loss 2.335
MemScore Fold 2 Epoch 6: Accuracy 12.100, Loss 2.313
MemScore Fold 2 Epoch 7: Accuracy 11.500, Loss 2.290
MemScore Fold 2 Epoch 8: Accuracy 13.200, Loss 2.272
MemScore Fold 2 Epoch 9: Accuracy 14.500, Loss 2.250
MemScore Fold 2 Epoch 10: Accuracy 15.300, Loss 2.153
MemScore Fold 2 Epoch 11: Accuracy 19.100, Loss 2.075
MemScore Fold 2 Epoch 12: Accuracy 18.900, Loss 2.028
MemScore Fold 2 Epoch 13: Accuracy 19.900, Loss 2.001
MemScore Fold 2 Epoch 14: Accuracy 17.100, Loss 1.988
MemScore Fold 2 Epoch 15: Accuracy 19.000, Loss 1.926
MemScore Fold 2 Epoch 16: Accuracy 22.600, Loss 1.869
MemScore Fold 2 Epoch 17: Accuracy 26.300, Loss 1.803
MemScore Fold 2 Epoch 18: Accuracy 25.500, Loss 1.833
MemScore Fold 2 Epoch 19: Accuracy 25.000, Loss 1.794
MemScore Fold 2 Epoch 20: Accuracy 30.400, Loss 1.705
MemScore Fold 2 Epoch 21: Accuracy 29.300, Loss 1.730
MemScore Fold 2 Epoch 22: Accuracy 30.100, Loss 1.707
MemScore Fold 2 Epoch 23: Accuracy 30.700, Loss 1.674
MemScore Fold 2 Epoch 24: Accuracy 31.400, Loss 1.659
MemScore Fold 2 Epoch 25: Accuracy 31.100, Loss 1.640
MemScore Fold 2 Epoch 26: Accuracy 32.600, Loss 1.605
MemScore Fold 2 Epoch 27: Accuracy 31.500, Loss 1.620
MemScore Fold 2 Epoch 28: Accuracy 36.500, Loss 1.543
MemScore Fold 2 Epoch 29: Accuracy 34.900, Loss 1.583
Train memscore submodel 4/5, subset size 1000
MemScore Fold 3 Epoch 0: Accuracy 9.000, Loss 3.625
MemScore Fold 3 Epoch 1: Accuracy 13.200, Loss 2.479
MemScore Fold 3 Epoch 2: Accuracy 14.800, Loss 2.294
MemScore Fold 3 Epoch 3: Accuracy 13.800, Loss 2.285
MemScore Fold 3 Epoch 4: Accuracy 15.400, Loss 2.255
MemScore Fold 3 Epoch 5: Accuracy 15.700, Loss 2.207
MemScore Fold 3 Epoch 6: Accuracy 17.700, Loss 2.196
MemScore Fold 3 Epoch 7: Accuracy 18.600, Loss 2.158
MemScore Fold 3 Epoch 8: Accuracy 20.500, Loss 2.115
MemScore Fold 3 Epoch 9: Accuracy 20.700, Loss 2.098
MemScore Fold 3 Epoch 10: Accuracy 20.500, Loss 2.092
MemScore Fold 3 Epoch 11: Accuracy 23.600, Loss 2.021
MemScore Fold 3 Epoch 12: Accuracy 25.500, Loss 1.956
MemScore Fold 3 Epoch 13: Accuracy 26.500, Loss 1.854
MemScore Fold 3 Epoch 14: Accuracy 26.400, Loss 1.852
MemScore Fold 3 Epoch 15: Accuracy 25.700, Loss 1.799
MemScore Fold 3 Epoch 16: Accuracy 26.800, Loss 1.742
MemScore Fold 3 Epoch 17: Accuracy 30.300, Loss 1.692
MemScore Fold 3 Epoch 18: Accuracy 28.400, Loss 1.712
MemScore Fold 3 Epoch 19: Accuracy 31.600, Loss 1.700
MemScore Fold 3 Epoch 20: Accuracy 31.600, Loss 1.646
MemScore Fold 3 Epoch 21: Accuracy 31.500, Loss 1.665
MemScore Fold 3 Epoch 22: Accuracy 29.100, Loss 1.656
MemScore Fold 3 Epoch 23: Accuracy 32.200, Loss 1.629
MemScore Fold 3 Epoch 24: Accuracy 31.700, Loss 1.614
MemScore Fold 3 Epoch 25: Accuracy 32.900, Loss 1.618
MemScore Fold 3 Epoch 26: Accuracy 34.000, Loss 1.599
MemScore Fold 3 Epoch 27: Accuracy 35.000, Loss 1.580
MemScore Fold 3 Epoch 28: Accuracy 32.700, Loss 1.573
MemScore Fold 3 Epoch 29: Accuracy 33.700, Loss 1.553
Train memscore submodel 5/5, subset size 1000
MemScore Fold 4 Epoch 0: Accuracy 11.200, Loss 4.021
MemScore Fold 4 Epoch 1: Accuracy 11.200, Loss 2.361
MemScore Fold 4 Epoch 2: Accuracy 11.500, Loss 2.303
MemScore Fold 4 Epoch 3: Accuracy 10.500, Loss 2.294
MemScore Fold 4 Epoch 4: Accuracy 13.500, Loss 2.284
MemScore Fold 4 Epoch 5: Accuracy 14.300, Loss 2.282
MemScore Fold 4 Epoch 6: Accuracy 16.000, Loss 2.231
MemScore Fold 4 Epoch 7: Accuracy 16.600, Loss 2.168
MemScore Fold 4 Epoch 8: Accuracy 18.600, Loss 2.076
MemScore Fold 4 Epoch 9: Accuracy 19.600, Loss 2.015
MemScore Fold 4 Epoch 10: Accuracy 19.400, Loss 1.956
MemScore Fold 4 Epoch 11: Accuracy 20.500, Loss 1.894
MemScore Fold 4 Epoch 12: Accuracy 22.700, Loss 1.829
MemScore Fold 4 Epoch 13: Accuracy 23.600, Loss 1.821
MemScore Fold 4 Epoch 14: Accuracy 24.300, Loss 1.792
MemScore Fold 4 Epoch 15: Accuracy 24.700, Loss 1.791
MemScore Fold 4 Epoch 16: Accuracy 25.100, Loss 1.769
MemScore Fold 4 Epoch 17: Accuracy 25.700, Loss 1.718
MemScore Fold 4 Epoch 18: Accuracy 26.300, Loss 1.682
MemScore Fold 4 Epoch 19: Accuracy 30.200, Loss 1.689
MemScore Fold 4 Epoch 20: Accuracy 30.400, Loss 1.672
MemScore Fold 4 Epoch 21: Accuracy 28.500, Loss 1.702
MemScore Fold 4 Epoch 22: Accuracy 29.800, Loss 1.697
MemScore Fold 4 Epoch 23: Accuracy 30.600, Loss 1.659
MemScore Fold 4 Epoch 24: Accuracy 33.300, Loss 1.603
MemScore Fold 4 Epoch 25: Accuracy 30.900, Loss 1.613
MemScore Fold 4 Epoch 26: Accuracy 32.000, Loss 1.617
MemScore Fold 4 Epoch 27: Accuracy 32.500, Loss 1.613
MemScore Fold 4 Epoch 28: Accuracy 33.000, Loss 1.582
MemScore Fold 4 Epoch 29: Accuracy 35.500, Loss 1.543
Saved memscore file: memscore/memscore_stl10_vgg16bn.csv
Raw score range: min=-0.754087, max=0.941513
Normalized score range: min=0.000000, max=1.000000

Job ended at: Fri May  8 09:29:23 PM CST 2026
